[2024-10-29T22:14:28.949+0000] {manager.py:487} INFO - Processing files using up to 2 processes at a time 
[2024-10-29T22:14:28.950+0000] {manager.py:488} INFO - Process each file at most once every 30 seconds
[2024-10-29T22:14:28.951+0000] {manager.py:490} INFO - Checking for new files in /opt/airflow/dags every 300 seconds
[2024-10-29T22:14:28.951+0000] {manager.py:758} INFO - Searching for files in /opt/airflow/dags
[2024-10-29T22:14:28.968+0000] {manager.py:761} INFO - There are 1 files in /opt/airflow/dags
[2024-10-29T22:14:29.306+0000] {manager.py:889} INFO - 
================================================================================
DAG File Processing Stats

File Path                           PID  Runtime      # DAGs    # Errors  Last Runtime    Last Run
--------------------------------  -----  ---------  --------  ----------  --------------  ----------
/opt/airflow/dags/count_a_dag.py    168  0.05s             0           0
================================================================================
[2024-10-29T22:14:59.551+0000] {manager.py:889} INFO - 
================================================================================
DAG File Processing Stats

File Path                         PID    Runtime      # DAGs    # Errors  Last Runtime    Last Run
--------------------------------  -----  ---------  --------  ----------  --------------  -------------------
/opt/airflow/dags/count_a_dag.py                           1           0  0.96s           2024-10-29T22:14:30
================================================================================
[2024-10-29T22:15:30.036+0000] {manager.py:889} INFO - 
================================================================================
DAG File Processing Stats

File Path                         PID    Runtime      # DAGs    # Errors  Last Runtime    Last Run
--------------------------------  -----  ---------  --------  ----------  --------------  -------------------
/opt/airflow/dags/count_a_dag.py                           1           0  0.51s           2024-10-29T22:15:01
================================================================================
[2024-10-29T22:16:00.344+0000] {manager.py:889} INFO - 
================================================================================
DAG File Processing Stats

File Path                         PID    Runtime      # DAGs    # Errors  Last Runtime    Last Run
--------------------------------  -----  ---------  --------  ----------  --------------  -------------------
/opt/airflow/dags/count_a_dag.py                           1           0  0.45s           2024-10-29T22:15:31
================================================================================
[2024-10-29T22:16:30.858+0000] {manager.py:889} INFO - 
================================================================================
DAG File Processing Stats

File Path                         PID    Runtime      # DAGs    # Errors  Last Runtime    Last Run
--------------------------------  -----  ---------  --------  ----------  --------------  -------------------
/opt/airflow/dags/count_a_dag.py                           1           0  0.42s           2024-10-29T22:16:02
================================================================================
[2024-10-29T22:17:01.281+0000] {manager.py:889} INFO - 
================================================================================
DAG File Processing Stats

File Path                         PID    Runtime      # DAGs    # Errors  Last Runtime    Last Run
--------------------------------  -----  ---------  --------  ----------  --------------  -------------------
/opt/airflow/dags/count_a_dag.py                           1           0  0.35s           2024-10-29T22:16:33
================================================================================
[2024-10-29T22:17:32.085+0000] {manager.py:889} INFO - 
================================================================================
DAG File Processing Stats

File Path                         PID    Runtime      # DAGs    # Errors  Last Runtime    Last Run
--------------------------------  -----  ---------  --------  ----------  --------------  -------------------
/opt/airflow/dags/count_a_dag.py                           1           0  0.39s           2024-10-29T22:17:03
================================================================================
[2024-10-29T22:18:02.587+0000] {manager.py:889} INFO - 
================================================================================
DAG File Processing Stats

File Path                         PID    Runtime      # DAGs    # Errors  Last Runtime    Last Run
--------------------------------  -----  ---------  --------  ----------  --------------  -------------------
/opt/airflow/dags/count_a_dag.py                           1           0  0.25s           2024-10-29T22:17:34
================================================================================
[2024-10-29T22:18:33.208+0000] {manager.py:889} INFO - 
================================================================================
DAG File Processing Stats

File Path                         PID    Runtime      # DAGs    # Errors  Last Runtime    Last Run
--------------------------------  -----  ---------  --------  ----------  --------------  -------------------
/opt/airflow/dags/count_a_dag.py                           1           0  0.31s           2024-10-29T22:18:04
================================================================================
[2024-10-29T22:19:03.736+0000] {manager.py:889} INFO - 
================================================================================
DAG File Processing Stats

File Path                         PID    Runtime      # DAGs    # Errors  Last Runtime    Last Run
--------------------------------  -----  ---------  --------  ----------  --------------  -------------------
/opt/airflow/dags/count_a_dag.py                           1           0  0.33s           2024-10-29T22:18:35
================================================================================
[2024-10-29T22:19:29.337+0000] {manager.py:758} INFO - Searching for files in /opt/airflow/dags
[2024-10-29T22:19:29.483+0000] {manager.py:761} INFO - There are 1 files in /opt/airflow/dags
[2024-10-29T22:19:34.618+0000] {manager.py:889} INFO - 
================================================================================
DAG File Processing Stats

File Path                         PID    Runtime      # DAGs    # Errors  Last Runtime    Last Run
--------------------------------  -----  ---------  --------  ----------  --------------  -------------------
/opt/airflow/dags/count_a_dag.py                           1           0  0.40s           2024-10-29T22:19:06
================================================================================
[2024-10-29T22:20:05.017+0000] {manager.py:889} INFO - 
================================================================================
DAG File Processing Stats

File Path                         PID    Runtime      # DAGs    # Errors  Last Runtime    Last Run
--------------------------------  -----  ---------  --------  ----------  --------------  -------------------
/opt/airflow/dags/count_a_dag.py                           1           0  0.36s           2024-10-29T22:19:37
================================================================================
[2024-10-29T22:20:35.830+0000] {manager.py:889} INFO - 
================================================================================
DAG File Processing Stats

File Path                         PID    Runtime      # DAGs    # Errors  Last Runtime    Last Run
--------------------------------  -----  ---------  --------  ----------  --------------  -------------------
/opt/airflow/dags/count_a_dag.py                           1           0  0.47s           2024-10-29T22:20:07
================================================================================
[2024-10-29T22:21:06.389+0000] {manager.py:889} INFO - 
================================================================================
DAG File Processing Stats

File Path                         PID    Runtime      # DAGs    # Errors  Last Runtime    Last Run
--------------------------------  -----  ---------  --------  ----------  --------------  -------------------
/opt/airflow/dags/count_a_dag.py                           1           0  0.44s           2024-10-29T22:20:38
================================================================================
[2024-10-29T22:21:36.481+0000] {manager.py:889} INFO - 
================================================================================
DAG File Processing Stats

File Path                         PID    Runtime      # DAGs    # Errors  Last Runtime    Last Run
--------------------------------  -----  ---------  --------  ----------  --------------  -------------------
/opt/airflow/dags/count_a_dag.py                           1           0  0.65s           2024-10-29T22:21:09
================================================================================
[2024-10-29T22:22:06.817+0000] {manager.py:889} INFO - 
================================================================================
DAG File Processing Stats

File Path                         PID    Runtime      # DAGs    # Errors  Last Runtime    Last Run
--------------------------------  -----  ---------  --------  ----------  --------------  -------------------
/opt/airflow/dags/count_a_dag.py                           1           0  0.38s           2024-10-29T22:21:39
================================================================================
[2024-10-29T22:22:36.858+0000] {manager.py:889} INFO - 
================================================================================
DAG File Processing Stats

File Path                         PID    Runtime      # DAGs    # Errors  Last Runtime    Last Run
--------------------------------  -----  ---------  --------  ----------  --------------  -------------------
/opt/airflow/dags/count_a_dag.py                           1           0  0.60s           2024-10-29T22:22:10
================================================================================
[2024-10-29T22:23:07.685+0000] {manager.py:889} INFO - 
================================================================================
DAG File Processing Stats

File Path                         PID    Runtime      # DAGs    # Errors  Last Runtime    Last Run
--------------------------------  -----  ---------  --------  ----------  --------------  -------------------
/opt/airflow/dags/count_a_dag.py                           1           0  0.43s           2024-10-29T22:22:41
================================================================================
[2024-10-29T22:23:38.328+0000] {manager.py:889} INFO - 
================================================================================
DAG File Processing Stats

File Path                         PID    Runtime      # DAGs    # Errors  Last Runtime    Last Run
--------------------------------  -----  ---------  --------  ----------  --------------  -------------------
/opt/airflow/dags/count_a_dag.py                           1           0  0.48s           2024-10-29T22:23:12
================================================================================
[2024-10-29T22:24:08.336+0000] {manager.py:889} INFO - 
================================================================================
DAG File Processing Stats

File Path                         PID    Runtime      # DAGs    # Errors  Last Runtime    Last Run
--------------------------------  -----  ---------  --------  ----------  --------------  -------------------
/opt/airflow/dags/count_a_dag.py                           1           0  0.55s           2024-10-29T22:23:42
================================================================================
[2024-10-29T22:24:29.610+0000] {manager.py:758} INFO - Searching for files in /opt/airflow/dags
[2024-10-29T22:24:29.634+0000] {manager.py:761} INFO - There are 1 files in /opt/airflow/dags
[2024-10-29T22:24:38.720+0000] {manager.py:889} INFO - 
================================================================================
DAG File Processing Stats

File Path                         PID    Runtime      # DAGs    # Errors  Last Runtime    Last Run
--------------------------------  -----  ---------  --------  ----------  --------------  -------------------
/opt/airflow/dags/count_a_dag.py                           1           0  0.38s           2024-10-29T22:24:13
================================================================================
[2024-10-29T22:25:09.186+0000] {manager.py:889} INFO - 
================================================================================
DAG File Processing Stats

File Path                         PID    Runtime      # DAGs    # Errors  Last Runtime    Last Run
--------------------------------  -----  ---------  --------  ----------  --------------  -------------------
/opt/airflow/dags/count_a_dag.py                           1           0  0.46s           2024-10-29T22:24:44
================================================================================
[2024-10-29T22:25:39.880+0000] {manager.py:889} INFO - 
================================================================================
DAG File Processing Stats

File Path                         PID    Runtime      # DAGs    # Errors  Last Runtime    Last Run
--------------------------------  -----  ---------  --------  ----------  --------------  -------------------
/opt/airflow/dags/count_a_dag.py                           1           0  0.25s           2024-10-29T22:25:14
================================================================================
[2024-10-29T22:26:10.427+0000] {manager.py:889} INFO - 
================================================================================
DAG File Processing Stats

File Path                         PID    Runtime      # DAGs    # Errors  Last Runtime    Last Run
--------------------------------  -----  ---------  --------  ----------  --------------  -------------------
/opt/airflow/dags/count_a_dag.py                           1           0  0.40s           2024-10-29T22:25:45
================================================================================
[2024-10-29T22:26:41.166+0000] {manager.py:889} INFO - 
================================================================================
DAG File Processing Stats

File Path                         PID    Runtime      # DAGs    # Errors  Last Runtime    Last Run
--------------------------------  -----  ---------  --------  ----------  --------------  -------------------
/opt/airflow/dags/count_a_dag.py                           1           0  0.40s           2024-10-29T22:26:15
================================================================================
[2024-10-29T22:27:11.728+0000] {manager.py:889} INFO - 
================================================================================
DAG File Processing Stats

File Path                         PID    Runtime      # DAGs    # Errors  Last Runtime    Last Run
--------------------------------  -----  ---------  --------  ----------  --------------  -------------------
/opt/airflow/dags/count_a_dag.py                           1           0  0.32s           2024-10-29T22:26:46
================================================================================
[2024-10-29T22:27:42.381+0000] {manager.py:889} INFO - 
================================================================================
DAG File Processing Stats

File Path                         PID    Runtime      # DAGs    # Errors  Last Runtime    Last Run
--------------------------------  -----  ---------  --------  ----------  --------------  -------------------
/opt/airflow/dags/count_a_dag.py                           1           0  0.53s           2024-10-29T22:27:17
================================================================================
[2024-10-29T22:28:13.164+0000] {manager.py:889} INFO - 
================================================================================
DAG File Processing Stats

File Path                         PID    Runtime      # DAGs    # Errors  Last Runtime    Last Run
--------------------------------  -----  ---------  --------  ----------  --------------  -------------------
/opt/airflow/dags/count_a_dag.py                           1           0  0.32s           2024-10-29T22:27:47
================================================================================
[2024-10-29T22:28:43.655+0000] {manager.py:889} INFO - 
================================================================================
DAG File Processing Stats

File Path                         PID    Runtime      # DAGs    # Errors  Last Runtime    Last Run
--------------------------------  -----  ---------  --------  ----------  --------------  -------------------
/opt/airflow/dags/count_a_dag.py                           1           0  0.26s           2024-10-29T22:28:18
================================================================================
[2024-10-29T22:29:14.320+0000] {manager.py:889} INFO - 
================================================================================
DAG File Processing Stats

File Path                         PID    Runtime      # DAGs    # Errors  Last Runtime    Last Run
--------------------------------  -----  ---------  --------  ----------  --------------  -------------------
/opt/airflow/dags/count_a_dag.py                           1           0  0.25s           2024-10-29T22:28:49
================================================================================
[2024-10-29T22:29:29.814+0000] {manager.py:758} INFO - Searching for files in /opt/airflow/dags
[2024-10-29T22:29:29.890+0000] {manager.py:761} INFO - There are 1 files in /opt/airflow/dags
[2024-10-29T22:29:44.816+0000] {manager.py:889} INFO - 
================================================================================
DAG File Processing Stats

File Path                         PID    Runtime      # DAGs    # Errors  Last Runtime    Last Run
--------------------------------  -----  ---------  --------  ----------  --------------  -------------------
/opt/airflow/dags/count_a_dag.py                           1           0  0.27s           2024-10-29T22:29:19
================================================================================
[2024-10-29T22:30:15.538+0000] {manager.py:889} INFO - 
================================================================================
DAG File Processing Stats

File Path                         PID    Runtime      # DAGs    # Errors  Last Runtime    Last Run
--------------------------------  -----  ---------  --------  ----------  --------------  -------------------
/opt/airflow/dags/count_a_dag.py                           1           0  0.32s           2024-10-29T22:29:50
================================================================================
[2024-10-29T22:30:46.066+0000] {manager.py:889} INFO - 
================================================================================
DAG File Processing Stats

File Path                         PID    Runtime      # DAGs    # Errors  Last Runtime    Last Run
--------------------------------  -----  ---------  --------  ----------  --------------  -------------------
/opt/airflow/dags/count_a_dag.py                           1           0  0.27s           2024-10-29T22:30:20
================================================================================
[2024-10-29T22:31:16.817+0000] {manager.py:889} INFO - 
================================================================================
DAG File Processing Stats

File Path                         PID    Runtime      # DAGs    # Errors  Last Runtime    Last Run
--------------------------------  -----  ---------  --------  ----------  --------------  -------------------
/opt/airflow/dags/count_a_dag.py                           1           0  0.25s           2024-10-29T22:30:51
================================================================================
[2024-10-29T22:31:47.307+0000] {manager.py:889} INFO - 
================================================================================
DAG File Processing Stats

File Path                         PID    Runtime      # DAGs    # Errors  Last Runtime    Last Run
--------------------------------  -----  ---------  --------  ----------  --------------  -------------------
/opt/airflow/dags/count_a_dag.py                           1           0  0.41s           2024-10-29T22:31:22
================================================================================
[2024-10-29T22:32:17.816+0000] {manager.py:889} INFO - 
================================================================================
DAG File Processing Stats

File Path                         PID    Runtime      # DAGs    # Errors  Last Runtime    Last Run
--------------------------------  -----  ---------  --------  ----------  --------------  -------------------
/opt/airflow/dags/count_a_dag.py                           1           0  0.31s           2024-10-29T22:31:52
================================================================================
[2024-10-29T22:32:48.538+0000] {manager.py:889} INFO - 
================================================================================
DAG File Processing Stats

File Path                         PID    Runtime      # DAGs    # Errors  Last Runtime    Last Run
--------------------------------  -----  ---------  --------  ----------  --------------  -------------------
/opt/airflow/dags/count_a_dag.py                           1           0  0.28s           2024-10-29T22:32:23
================================================================================
[2024-10-29T22:33:19.002+0000] {manager.py:889} INFO - 
================================================================================
DAG File Processing Stats

File Path                         PID    Runtime      # DAGs    # Errors  Last Runtime    Last Run
--------------------------------  -----  ---------  --------  ----------  --------------  -------------------
/opt/airflow/dags/count_a_dag.py                           1           0  0.27s           2024-10-29T22:32:53
================================================================================
[2024-10-29T22:33:49.032+0000] {manager.py:889} INFO - 
================================================================================
DAG File Processing Stats

File Path                         PID    Runtime      # DAGs    # Errors  Last Runtime    Last Run
--------------------------------  -----  ---------  --------  ----------  --------------  -------------------
/opt/airflow/dags/count_a_dag.py                           1           0  0.56s           2024-10-29T22:33:24
================================================================================
[2024-10-29T22:34:19.488+0000] {manager.py:889} INFO - 
================================================================================
DAG File Processing Stats

File Path                         PID    Runtime      # DAGs    # Errors  Last Runtime    Last Run
--------------------------------  -----  ---------  --------  ----------  --------------  -------------------
/opt/airflow/dags/count_a_dag.py                           1           0  0.30s           2024-10-29T22:33:55
================================================================================
[2024-10-29T22:34:30.101+0000] {manager.py:758} INFO - Searching for files in /opt/airflow/dags
[2024-10-29T22:34:30.124+0000] {manager.py:761} INFO - There are 1 files in /opt/airflow/dags
[2024-10-29T22:34:49.999+0000] {manager.py:889} INFO - 
================================================================================
DAG File Processing Stats

File Path                         PID    Runtime      # DAGs    # Errors  Last Runtime    Last Run
--------------------------------  -----  ---------  --------  ----------  --------------  -------------------
/opt/airflow/dags/count_a_dag.py                           1           0  0.47s           2024-10-29T22:34:26
================================================================================
[2024-10-29T22:35:20.496+0000] {manager.py:889} INFO - 
================================================================================
DAG File Processing Stats

File Path                         PID    Runtime      # DAGs    # Errors  Last Runtime    Last Run
--------------------------------  -----  ---------  --------  ----------  --------------  -------------------
/opt/airflow/dags/count_a_dag.py                           1           0  0.34s           2024-10-29T22:34:56
================================================================================
[2024-10-29T22:35:51.040+0000] {manager.py:889} INFO - 
================================================================================
DAG File Processing Stats

File Path                         PID    Runtime      # DAGs    # Errors  Last Runtime    Last Run
--------------------------------  -----  ---------  --------  ----------  --------------  -------------------
/opt/airflow/dags/count_a_dag.py                           1           0  0.27s           2024-10-29T22:35:26
================================================================================
[2024-10-29T22:36:21.723+0000] {manager.py:889} INFO - 
================================================================================
DAG File Processing Stats

File Path                         PID    Runtime      # DAGs    # Errors  Last Runtime    Last Run
--------------------------------  -----  ---------  --------  ----------  --------------  -------------------
/opt/airflow/dags/count_a_dag.py                           1           0  0.25s           2024-10-29T22:35:57
================================================================================
[2024-10-29T22:36:52.247+0000] {manager.py:889} INFO - 
================================================================================
DAG File Processing Stats

File Path                         PID    Runtime      # DAGs    # Errors  Last Runtime    Last Run
--------------------------------  -----  ---------  --------  ----------  --------------  -------------------
/opt/airflow/dags/count_a_dag.py                           1           0  0.25s           2024-10-29T22:36:28
================================================================================
[2024-10-29T22:37:22.252+0000] {manager.py:889} INFO - 
================================================================================
DAG File Processing Stats

File Path                         PID    Runtime      # DAGs    # Errors  Last Runtime    Last Run
--------------------------------  -----  ---------  --------  ----------  --------------  -------------------
/opt/airflow/dags/count_a_dag.py                           1           0  0.55s           2024-10-29T22:36:58
================================================================================
[2024-10-29T22:37:52.723+0000] {manager.py:889} INFO - 
================================================================================
DAG File Processing Stats

File Path                         PID    Runtime      # DAGs    # Errors  Last Runtime    Last Run
--------------------------------  -----  ---------  --------  ----------  --------------  -------------------
/opt/airflow/dags/count_a_dag.py                           1           0  0.45s           2024-10-29T22:37:29
================================================================================
[2024-10-29T22:38:23.277+0000] {manager.py:889} INFO - 
================================================================================
DAG File Processing Stats

File Path                         PID    Runtime      # DAGs    # Errors  Last Runtime    Last Run
--------------------------------  -----  ---------  --------  ----------  --------------  -------------------
/opt/airflow/dags/count_a_dag.py                           1           0  0.25s           2024-10-29T22:38:00
================================================================================
[2024-10-29T22:38:53.963+0000] {manager.py:889} INFO - 
================================================================================
DAG File Processing Stats

File Path                         PID    Runtime      # DAGs    # Errors  Last Runtime    Last Run
--------------------------------  -----  ---------  --------  ----------  --------------  -------------------
/opt/airflow/dags/count_a_dag.py                           1           0  0.26s           2024-10-29T22:38:30
================================================================================
[2024-10-29T22:39:24.467+0000] {manager.py:889} INFO - 
================================================================================
DAG File Processing Stats

File Path                         PID    Runtime      # DAGs    # Errors  Last Runtime    Last Run
--------------------------------  -----  ---------  --------  ----------  --------------  -------------------
/opt/airflow/dags/count_a_dag.py                           1           0  0.44s           2024-10-29T22:39:01
================================================================================
[2024-10-29T22:39:30.554+0000] {manager.py:758} INFO - Searching for files in /opt/airflow/dags
[2024-10-29T22:39:30.655+0000] {manager.py:761} INFO - There are 1 files in /opt/airflow/dags
[2024-10-29T22:39:54.489+0000] {manager.py:889} INFO - 
================================================================================
DAG File Processing Stats

File Path                         PID    Runtime      # DAGs    # Errors  Last Runtime    Last Run
--------------------------------  -----  ---------  --------  ----------  --------------  -------------------
/opt/airflow/dags/count_a_dag.py                           1           0  0.44s           2024-10-29T22:39:32
================================================================================
[2024-10-29T22:40:24.903+0000] {manager.py:889} INFO - 
================================================================================
DAG File Processing Stats

File Path                         PID    Runtime      # DAGs    # Errors  Last Runtime    Last Run
--------------------------------  -----  ---------  --------  ----------  --------------  -------------------
/opt/airflow/dags/count_a_dag.py                           1           0  0.26s           2024-10-29T22:40:02
================================================================================
[2024-10-29T22:40:55.504+0000] {manager.py:889} INFO - 
================================================================================
DAG File Processing Stats

File Path                         PID    Runtime      # DAGs    # Errors  Last Runtime    Last Run
--------------------------------  -----  ---------  --------  ----------  --------------  -------------------
/opt/airflow/dags/count_a_dag.py                           1           0  0.25s           2024-10-29T22:40:33
================================================================================
[2024-10-29T22:41:26.071+0000] {manager.py:889} INFO - 
================================================================================
DAG File Processing Stats

File Path                         PID    Runtime      # DAGs    # Errors  Last Runtime    Last Run
--------------------------------  -----  ---------  --------  ----------  --------------  -------------------
/opt/airflow/dags/count_a_dag.py                           1           0  0.54s           2024-10-29T22:41:04
================================================================================
[2024-10-29T22:41:56.926+0000] {manager.py:889} INFO - 
================================================================================
DAG File Processing Stats

File Path                         PID    Runtime      # DAGs    # Errors  Last Runtime    Last Run
--------------------------------  -----  ---------  --------  ----------  --------------  -------------------
/opt/airflow/dags/count_a_dag.py                           1           0  0.49s           2024-10-29T22:41:34
================================================================================
[2024-10-29T22:42:27.425+0000] {manager.py:889} INFO - 
================================================================================
DAG File Processing Stats

File Path                         PID    Runtime      # DAGs    # Errors  Last Runtime    Last Run
--------------------------------  -----  ---------  --------  ----------  --------------  -------------------
/opt/airflow/dags/count_a_dag.py                           1           0  0.24s           2024-10-29T22:42:05
================================================================================
[2024-10-29T22:42:58.040+0000] {manager.py:889} INFO - 
================================================================================
DAG File Processing Stats

File Path                         PID    Runtime      # DAGs    # Errors  Last Runtime    Last Run
--------------------------------  -----  ---------  --------  ----------  --------------  -------------------
/opt/airflow/dags/count_a_dag.py                           1           0  0.32s           2024-10-29T22:42:35
================================================================================
[2024-10-29T22:43:28.675+0000] {manager.py:889} INFO - 
================================================================================
DAG File Processing Stats

File Path                         PID    Runtime      # DAGs    # Errors  Last Runtime    Last Run
--------------------------------  -----  ---------  --------  ----------  --------------  -------------------
/opt/airflow/dags/count_a_dag.py                           1           0  0.40s           2024-10-29T22:43:06
================================================================================
[2024-10-29T22:43:59.419+0000] {manager.py:889} INFO - 
================================================================================
DAG File Processing Stats

File Path                         PID    Runtime      # DAGs    # Errors  Last Runtime    Last Run
--------------------------------  -----  ---------  --------  ----------  --------------  -------------------
/opt/airflow/dags/count_a_dag.py                           1           0  0.39s           2024-10-29T22:43:37
================================================================================
[2024-10-29T22:44:29.985+0000] {manager.py:889} INFO - 
================================================================================
DAG File Processing Stats

File Path                         PID    Runtime      # DAGs    # Errors  Last Runtime    Last Run
--------------------------------  -----  ---------  --------  ----------  --------------  -------------------
/opt/airflow/dags/count_a_dag.py                           1           0  0.27s           2024-10-29T22:44:07
================================================================================
[2024-10-29T22:44:30.999+0000] {manager.py:758} INFO - Searching for files in /opt/airflow/dags
[2024-10-29T22:44:31.036+0000] {manager.py:761} INFO - There are 1 files in /opt/airflow/dags
[2024-10-29T22:45:00.743+0000] {manager.py:889} INFO - 
================================================================================
DAG File Processing Stats

File Path                         PID    Runtime      # DAGs    # Errors  Last Runtime    Last Run
--------------------------------  -----  ---------  --------  ----------  --------------  -------------------
/opt/airflow/dags/count_a_dag.py                           1           0  0.26s           2024-10-29T22:44:38
================================================================================
[2024-10-29T22:45:31.176+0000] {manager.py:889} INFO - 
================================================================================
DAG File Processing Stats

File Path                         PID    Runtime      # DAGs    # Errors  Last Runtime    Last Run
--------------------------------  -----  ---------  --------  ----------  --------------  -------------------
/opt/airflow/dags/count_a_dag.py                           1           0  0.45s           2024-10-29T22:45:09
================================================================================
[2024-10-29T22:46:01.368+0000] {manager.py:889} INFO - 
================================================================================
DAG File Processing Stats

File Path                         PID    Runtime      # DAGs    # Errors  Last Runtime    Last Run
--------------------------------  -----  ---------  --------  ----------  --------------  -------------------
/opt/airflow/dags/count_a_dag.py                           1           0  0.29s           2024-10-29T22:45:40
================================================================================
[2024-10-29T22:46:31.769+0000] {manager.py:889} INFO - 
================================================================================
DAG File Processing Stats

File Path                         PID    Runtime      # DAGs    # Errors  Last Runtime    Last Run
--------------------------------  -----  ---------  --------  ----------  --------------  -------------------
/opt/airflow/dags/count_a_dag.py                           1           0  0.35s           2024-10-29T22:46:10
================================================================================
[2024-10-29T22:47:02.299+0000] {manager.py:889} INFO - 
================================================================================
DAG File Processing Stats

File Path                         PID    Runtime      # DAGs    # Errors  Last Runtime    Last Run
--------------------------------  -----  ---------  --------  ----------  --------------  -------------------
/opt/airflow/dags/count_a_dag.py                           1           0  0.24s           2024-10-29T22:46:41
================================================================================
[2024-10-29T22:47:32.344+0000] {manager.py:889} INFO - 
================================================================================
DAG File Processing Stats

File Path                         PID    Runtime      # DAGs    # Errors  Last Runtime    Last Run
--------------------------------  -----  ---------  --------  ----------  --------------  -------------------
/opt/airflow/dags/count_a_dag.py                           1           0  0.60s           2024-10-29T22:47:12
================================================================================
[2024-10-29T22:48:02.800+0000] {manager.py:889} INFO - 
================================================================================
DAG File Processing Stats

File Path                         PID    Runtime      # DAGs    # Errors  Last Runtime    Last Run
--------------------------------  -----  ---------  --------  ----------  --------------  -------------------
/opt/airflow/dags/count_a_dag.py                           1           0  0.41s           2024-10-29T22:47:42
================================================================================
[2024-10-29T22:48:33.352+0000] {manager.py:889} INFO - 
================================================================================
DAG File Processing Stats

File Path                         PID    Runtime      # DAGs    # Errors  Last Runtime    Last Run
--------------------------------  -----  ---------  --------  ----------  --------------  -------------------
/opt/airflow/dags/count_a_dag.py                           1           0  0.47s           2024-10-29T22:48:13
================================================================================
[2024-10-29T22:49:03.854+0000] {manager.py:889} INFO - 
================================================================================
DAG File Processing Stats

File Path                         PID    Runtime      # DAGs    # Errors  Last Runtime    Last Run
--------------------------------  -----  ---------  --------  ----------  --------------  -------------------
/opt/airflow/dags/count_a_dag.py                           1           0  0.41s           2024-10-29T22:48:43
================================================================================
[2024-10-29T22:49:31.643+0000] {manager.py:758} INFO - Searching for files in /opt/airflow/dags
[2024-10-29T22:49:31.666+0000] {manager.py:761} INFO - There are 1 files in /opt/airflow/dags
[2024-10-29T22:49:34.732+0000] {manager.py:889} INFO - 
================================================================================
DAG File Processing Stats

File Path                         PID    Runtime      # DAGs    # Errors  Last Runtime    Last Run
--------------------------------  -----  ---------  --------  ----------  --------------  -------------------
/opt/airflow/dags/count_a_dag.py                           1           0  0.41s           2024-10-29T22:49:14
================================================================================
[2024-10-29T22:50:05.297+0000] {manager.py:889} INFO - 
================================================================================
DAG File Processing Stats

File Path                         PID    Runtime      # DAGs    # Errors  Last Runtime    Last Run
--------------------------------  -----  ---------  --------  ----------  --------------  -------------------
/opt/airflow/dags/count_a_dag.py                           1           0  0.47s           2024-10-29T22:49:45
================================================================================
[2024-10-29T22:50:35.865+0000] {manager.py:889} INFO - 
================================================================================
DAG File Processing Stats

File Path                         PID    Runtime      # DAGs    # Errors  Last Runtime    Last Run
--------------------------------  -----  ---------  --------  ----------  --------------  -------------------
/opt/airflow/dags/count_a_dag.py                           1           0  0.37s           2024-10-29T22:50:15
================================================================================
